<?xml version="1.0" encoding="UTF-8"?>
<testsuite name="hello.demo.DemoApplicationTests" tests="1" skipped="0" failures="0" errors="0" timestamp="2023-10-18T14:54:15" hostname="DESKTOP-BKCDU8D" time="1.477">
  <properties/>
  <testcase name="contextLoads()" classname="hello.demo.DemoApplicationTests" time="1.477"/>
  <system-out><![CDATA[23:54:11.391 [Test worker] INFO org.springframework.test.context.support.AnnotationConfigContextLoaderUtils -- Could not detect default configuration classes for test class [hello.demo.DemoApplicationTests]: DemoApplicationTests does not declare any static, non-private, non-final, nested classes annotated with @Configuration.
23:54:11.575 [Test worker] INFO org.springframework.boot.test.context.SpringBootTestContextBootstrapper -- Found @SpringBootConfiguration hello.demo.DemoApplication for test class hello.demo.DemoApplicationTests

  .   ____          _            __ _ _
 /\\ / ___'_ __ _ _(_)_ __  __ _ \ \ \ \
( ( )\___ | '_ | '_| | '_ \/ _` | \ \ \ \
 \\/  ___)| |_)| | | | | || (_| |  ) ) ) )
  '  |____| .__|_| |_|_| |_\__, | / / / /
 =========|_|==============|___/=/_/_/_/
 :: Spring Boot ::                (v3.1.4)

2023-10-18T23:54:12.363+09:00  INFO 92236 --- [    Test worker] hello.demo.DemoApplicationTests          : Starting DemoApplicationTests using Java 17.0.1 with PID 92236 (started by 0106y in C:\Users\0106y\demo\demo)
2023-10-18T23:54:12.366+09:00  INFO 92236 --- [    Test worker] hello.demo.DemoApplicationTests          : No active profile set, falling back to 1 default profile: "default"
2023-10-18T23:54:14.869+09:00  INFO 92236 --- [    Test worker] o.s.b.a.w.s.WelcomePageHandlerMapping    : Adding welcome page: class path resource [static/index.html]
2023-10-18T23:54:15.255+09:00  INFO 92236 --- [    Test worker] hello.demo.DemoApplicationTests          : Started DemoApplicationTests in 3.351 seconds (process running for 5.742)
]]></system-out>
  <system-err><![CDATA[]]></system-err>
</testsuite>
